<?xml version="1.0" encoding="UTF-8"?>
<testng-results skipped="0" failed="0" ignored="0" total="1" passed="1">
  <reporter-output>
  </reporter-output>
  <suite name="Default suite" duration-ms="19108" started-at="2018-01-02T19:00:37Z" finished-at="2018-01-02T19:00:56Z">
    <groups>
    </groups>
    <test name="Default test" duration-ms="19108" started-at="2018-01-02T19:00:37Z" finished-at="2018-01-02T19:00:56Z">
      <class name="example.NewTest">
        <test-method status="PASS" signature="beforeTest()[pri:0, instance:example.NewTest@192b07fd]" name="beforeTest" is-config="true" duration-ms="9608" started-at="2018-01-03T00:30:37Z" finished-at="2018-01-03T00:30:46Z">
          <reporter-output>
          </reporter-output>
        </test-method> <!-- beforeTest -->
        <test-method status="PASS" signature="verifyTitle()[pri:0, instance:example.NewTest@192b07fd]" name="verifyTitle" duration-ms="9299" started-at="2018-01-03T00:30:46Z" finished-at="2018-01-03T00:30:56Z">
          <reporter-output>
          </reporter-output>
        </test-method> <!-- verifyTitle -->
        <test-method status="PASS" signature="afterTest()[pri:0, instance:example.NewTest@192b07fd]" name="afterTest" is-config="true" duration-ms="175" started-at="2018-01-03T00:30:56Z" finished-at="2018-01-03T00:30:56Z">
          <reporter-output>
          </reporter-output>
        </test-method> <!-- afterTest -->
      </class> <!-- example.NewTest -->
    </test> <!-- Default test -->
  </suite> <!-- Default suite -->
</testng-results>
